TN:
SF:src/server.js
FNF:0
FNH:0
DA:1,1
DA:2,1
DA:3,1
DA:4,1
DA:5,1
DA:6,1
DA:7,1
DA:8,1
DA:9,1
DA:10,1
DA:11,1
DA:12,1
LF:12
LH:12
BRDA:10,0,0,1
BRF:1
BRH:1
end_of_record
TN:
SF:src/controller/routes.js
FNF:0
FNH:0
DA:1,1
DA:2,1
DA:3,1
DA:4,1
DA:5,1
DA:6,1
DA:7,1
DA:8,1
DA:9,1
DA:10,0
DA:11,0
DA:12,1
DA:13,1
DA:14,1
DA:15,1
DA:16,1
DA:17,1
DA:18,1
DA:19,1
DA:20,1
DA:21,1
DA:22,1
DA:23,1
DA:24,1
DA:25,1
DA:26,1
DA:27,1
DA:28,1
DA:29,1
DA:30,1
DA:31,1
DA:32,1
DA:33,1
DA:34,1
DA:35,1
DA:36,0
DA:37,0
DA:38,0
DA:39,0
DA:40,1
DA:41,1
DA:42,0
DA:43,0
DA:44,0
DA:45,0
DA:46,1
DA:47,1
DA:48,1
LF:48
LH:38
BRDA:13,0,0,1
BRDA:17,1,0,1
BRDA:23,2,0,1
BRDA:29,3,0,1
BRF:4
BRH:4
end_of_record
TN:
SF:src/model/classes/Company.js
FN:2,<instance_members_initializer>
FN:13,Company
FN:24,setCompany
FN:33,getCompany
FN:44,setParkedCars
FN:48,setStatements
FN:52,getParkedCars
FN:56,getParkingCarsSpots
FN:60,getStatement
FNF:9
FNH:3
FNDA:1,<instance_members_initializer>
FNDA:1,Company
FNDA:0,setCompany
FNDA:1,getCompany
FNDA:0,setParkedCars
FNDA:0,setStatements
FNDA:0,getParkedCars
FNDA:0,getParkingCarsSpots
FNDA:0,getStatement
DA:1,1
DA:2,1
DA:3,1
DA:4,1
DA:5,1
DA:6,1
DA:7,1
DA:8,1
DA:9,1
DA:10,1
DA:11,1
DA:12,1
DA:13,1
DA:14,1
DA:15,1
DA:16,1
DA:17,1
DA:18,1
DA:19,1
DA:20,1
DA:21,1
DA:22,1
DA:23,1
DA:24,1
DA:25,0
DA:26,0
DA:27,0
DA:28,0
DA:29,0
DA:30,0
DA:31,0
DA:32,1
DA:33,1
DA:34,1
DA:35,1
DA:36,1
DA:37,1
DA:38,1
DA:39,1
DA:40,1
DA:41,1
DA:42,1
DA:43,1
DA:44,1
DA:45,0
DA:46,0
DA:47,1
DA:48,1
DA:49,0
DA:50,0
DA:51,1
DA:52,1
DA:53,0
DA:54,0
DA:55,1
DA:56,1
DA:57,0
DA:58,0
DA:59,1
DA:60,1
DA:61,0
DA:62,0
DA:63,1
DA:64,1
DA:65,1
LF:65
LH:48
BRDA:2,0,0,1
BRDA:13,1,0,1
BRDA:33,2,0,1
BRF:3
BRH:3
end_of_record
TN:
SF:src/model/classes/Vehicle.js
FN:2,<instance_members_initializer>
FN:10,Vehicle
FN:20,getVehicle
FNF:3
FNH:3
FNDA:1,<instance_members_initializer>
FNDA:1,Vehicle
FNDA:1,getVehicle
DA:1,1
DA:2,1
DA:3,1
DA:4,1
DA:5,1
DA:6,1
DA:7,1
DA:8,1
DA:9,1
DA:10,1
DA:11,1
DA:12,1
DA:13,1
DA:14,1
DA:15,1
DA:16,1
DA:17,1
DA:18,1
DA:19,1
DA:20,1
DA:21,1
DA:22,1
DA:23,1
DA:24,1
DA:25,1
DA:26,1
DA:27,1
DA:28,1
DA:29,1
DA:30,1
DA:31,1
DA:32,1
LF:32
LH:32
BRDA:2,0,0,1
BRDA:10,1,0,1
BRDA:20,2,0,1
BRF:3
BRH:3
end_of_record
TN:
SF:src/model/methods/company.js
FN:6,addCompany
FN:13,listCompanies
FNF:2
FNH:2
FNDA:1,addCompany
FNDA:1,listCompanies
DA:1,1
DA:2,1
DA:3,1
DA:4,1
DA:5,1
DA:6,1
DA:7,1
DA:8,1
DA:9,1
DA:10,1
DA:11,1
DA:12,1
DA:13,1
DA:14,1
DA:15,1
DA:16,1
DA:17,1
LF:17
LH:17
BRDA:6,0,0,1
BRDA:13,1,0,1
BRF:2
BRH:2
end_of_record
TN:
SF:src/model/methods/parking_control.js
FN:4,vehicleIn
FN:28,vehicleOut
FNF:2
FNH:0
FNDA:0,vehicleIn
FNDA:0,vehicleOut
DA:1,1
DA:2,1
DA:3,1
DA:4,0
DA:5,0
DA:6,0
DA:7,0
DA:8,0
DA:9,0
DA:10,0
DA:11,0
DA:12,0
DA:13,0
DA:14,0
DA:15,0
DA:16,0
DA:17,0
DA:18,0
DA:19,0
DA:20,0
DA:21,0
DA:22,0
DA:23,0
DA:24,0
DA:25,0
DA:26,0
DA:27,1
DA:28,0
DA:29,0
DA:30,0
DA:31,0
DA:32,0
DA:33,0
DA:34,0
DA:35,0
DA:36,0
DA:37,0
DA:38,0
DA:39,1
DA:40,1
LF:40
LH:6
BRF:0
BRH:0
end_of_record
TN:
SF:src/model/methods/vehicle.js
FN:5,addVehicle
FN:12,readVehicles
FNF:2
FNH:2
FNDA:1,addVehicle
FNDA:1,readVehicles
DA:1,1
DA:2,1
DA:3,1
DA:4,1
DA:5,1
DA:6,1
DA:7,1
DA:8,1
DA:9,1
DA:10,1
DA:11,1
DA:12,1
DA:13,1
DA:14,1
DA:15,1
DA:16,1
LF:16
LH:16
BRDA:5,0,0,1
BRDA:12,1,0,1
BRF:2
BRH:2
end_of_record
